Searching for include files...
Searching for example files...
Searching for images...
Searching for dot files...
Searching for msc files...
Searching for files to exclude
Searching for files in directory /projects/server-scripts/backupv3/doc
Searching for files in directory /projects/server-scripts/backupv3/doc/doxygen
Searching for files in directory /projects/server-scripts/backupv3/doc/doxygen/html
Searching for files in directory /projects/server-scripts/backupv3/doc/gnu-license-files
Searching for files in directory /projects/server-scripts/backupv3/doc/images
Searching for files in directory /projects/server-scripts/backupv3/doc/images/wikimedia.org
Searching for files to process...
Searching for files in directory /projects/server-scripts/backupv3
Searching for files in directory /projects/server-scripts/backupv3/app
Searching for files in directory /projects/server-scripts/backupv3/conf.d
Searching for files in directory /projects/server-scripts/backupv3/doc
Searching for files in directory /projects/server-scripts/backupv3/doc/doxygen
Searching for files in directory /projects/server-scripts/backupv3/doc/gnu-license-files
Searching for files in directory /projects/server-scripts/backupv3/doc/images
Searching for files in directory /projects/server-scripts/backupv3/doc/images/wikimedia.org
Searching for files in directory /projects/server-scripts/backupv3/lib
Searching for files in directory /projects/server-scripts/lib/phpdoc
Searching for files in directory /projects/server-scripts/lib/phpdoc/__filesource
Searching for files in directory /projects/server-scripts/lib/phpdoc/aforms
Searching for files in directory /projects/server-scripts/lib/phpdoc/aforms/lib-general
Searching for files in directory /projects/server-scripts/lib/phpdoc/aforms/lib-sys
Searching for files in directory /projects/server-scripts/lib/phpdoc/media
Searching for files in directory /projects/server-scripts/lib/phpdoc/server-maint
Searching for files in directory /projects/server-scripts/lib/phpdoc/server-maint/lib-sys
Searching for files in directory /projects/server-scripts/backupv3/plugin.d
Reading and parsing tag files
Reading /projects/server-scripts/backupv3/app/sysbackup-plugins.inc...
Parsing file /projects/server-scripts/backupv3/app/sysbackup-plugins.inc...
Reading /projects/server-scripts/backupv3/app/sysbackup-vfs-backupset.inc...
Parsing file /projects/server-scripts/backupv3/app/sysbackup-vfs-backupset.inc...
Reading /projects/server-scripts/backupv3/app/sysbackup-vfs-base.inc...
Parsing file /projects/server-scripts/backupv3/app/sysbackup-vfs-base.inc...
Reading /projects/server-scripts/backupv3/app/sysbackup-vfs-hashlists.inc...
Parsing file /projects/server-scripts/backupv3/app/sysbackup-vfs-hashlists.inc...
Reading /projects/server-scripts/backupv3/app/sysbackup-vfs-io.inc...
Parsing file /projects/server-scripts/backupv3/app/sysbackup-vfs-io.inc...
Reading /projects/server-scripts/backupv3/app/sysbackup-vfs-localio-rotation.inc...
Parsing file /projects/server-scripts/backupv3/app/sysbackup-vfs-localio-rotation.inc...
Reading /projects/server-scripts/backupv3/app/sysbackup-vfs-localio.inc...
Parsing file /projects/server-scripts/backupv3/app/sysbackup-vfs-localio.inc...
Reading /projects/server-scripts/backupv3/app/sysbackup-vfs-sshremote-rotation.inc...
Parsing file /projects/server-scripts/backupv3/app/sysbackup-vfs-sshremote-rotation.inc...
Reading /projects/server-scripts/backupv3/app/sysbackup-vfs-sshremote.inc...
Parsing file /projects/server-scripts/backupv3/app/sysbackup-vfs-sshremote.inc...
Reading /projects/server-scripts/backupv3/app/sysbackup-vfs.inc...
Parsing file /projects/server-scripts/backupv3/app/sysbackup-vfs.inc...
Reading /projects/server-scripts/backupv3/app/sysbackup.inc...
Parsing file /projects/server-scripts/backupv3/app/sysbackup.inc...
Reading /projects/server-scripts/lib/general-log.inc...
Parsing file /projects/server-scripts/lib/general-log.inc...
Reading /projects/server-scripts/lib/general-namedparameters.inc...
Parsing file /projects/server-scripts/lib/general-namedparameters.inc...
Reading /projects/server-scripts/lib/general-net.inc...
Parsing file /projects/server-scripts/lib/general-net.inc...
Reading /projects/server-scripts/lib/general-plugins.inc...
Parsing file /projects/server-scripts/lib/general-plugins.inc...
Reading /projects/server-scripts/lib/general-stopwatch.inc...
Parsing file /projects/server-scripts/lib/general-stopwatch.inc...
Reading /projects/server-scripts/lib/general-sysexec.inc...
Parsing file /projects/server-scripts/lib/general-sysexec.inc...
Reading /projects/server-scripts/lib/general-sysutils.inc...
Parsing file /projects/server-scripts/lib/general-sysutils.inc...
Reading /projects/server-scripts/lib/general-tee.inc...
Parsing file /projects/server-scripts/lib/general-tee.inc...
Reading /projects/server-scripts/lib/general-utils.inc...
Parsing file /projects/server-scripts/lib/general-utils.inc...
Reading /projects/server-scripts/lib/sys-account-info.inc...
Parsing file /projects/server-scripts/lib/sys-account-info.inc...
Reading /projects/server-scripts/lib/sys-account-migration.inc...
Parsing file /projects/server-scripts/lib/sys-account-migration.inc...
Reading /projects/server-scripts/lib/sys-packagelist.inc...
Parsing file /projects/server-scripts/lib/sys-packagelist.inc...
Reading /projects/server-scripts/lib/sys-remote-fileio.inc...
Parsing file /projects/server-scripts/lib/sys-remote-fileio.inc...
Reading /projects/server-scripts/lib/sys-remote-filesys.inc...
Parsing file /projects/server-scripts/lib/sys-remote-filesys.inc...
Reading /projects/server-scripts/lib/sys-tarballs.inc...
Parsing file /projects/server-scripts/lib/sys-tarballs.inc...
Preprocessing /projects/server-scripts/backupv3/dumpusers...
Parsing file /projects/server-scripts/backupv3/dumpusers...
Preprocessing /projects/server-scripts/backupv3/localexec...
Parsing file /projects/server-scripts/backupv3/localexec...
Preprocessing /projects/server-scripts/backupv3/remexec...
Parsing file /projects/server-scripts/backupv3/remexec...
Preprocessing /projects/server-scripts/backupv3/sysbackup...
Parsing file /projects/server-scripts/backupv3/sysbackup...
Preprocessing /projects/server-scripts/backupv3/sysbackup.conf...
Parsing file /projects/server-scripts/backupv3/sysbackup.conf...
Building group list...
Building directory list...
Building namespace list...
Building file list...
Building class list...
Associating documentation with classes...
Computing nesting relations for classes...
Building example list...
Searching for enumerations...
Searching for documented typedefs...
Searching for members imported via using declarations...
Searching for included using directives...
Searching for documented variables...
Building member list...
Searching for friends...
Searching for documented defines...
Computing class inheritance relations...
Computing class usage relations...
Flushing cached template relations that have become invalid...
Creating members for template instances...
Computing class relations...
Add enum values to enums...
Searching for member function documentation...
Building page list...
Search for main page...
Computing page relations...
Determining the scope of groups...
Sorting lists...
Freeing entry tree
Determining which enums are documented
Computing member relations...
Building full member lists recursively...
Adding members to member groups.
Computing member references...
Inheriting documentation...
Generating disk names...
Adding source references...
Adding xrefitems...
Sorting member lists...
Computing dependencies between directories...
Counting data structures...
Resolving user defined references...
Finding anchors and sections in the documentation...
Combining using relations...
Adding members to index pages...
Generating style sheet...
Generating search indices...
Generating index page...
Generating page index...
Generating example documentation...
Generating file sources...
Generating code for file app/sysbackup-plugins.inc...
Generating code for file app/sysbackup-vfs-backupset.inc...
Generating code for file app/sysbackup-vfs-base.inc...
Generating code for file app/sysbackup-vfs-hashlists.inc...
Generating code for file app/sysbackup-vfs-io.inc...
Generating code for file app/sysbackup-vfs-localio-rotation.inc...
Generating code for file app/sysbackup-vfs-localio.inc...
Generating code for file app/sysbackup-vfs-sshremote-rotation.inc...
Generating code for file app/sysbackup-vfs-sshremote.inc...
Generating code for file app/sysbackup-vfs.inc...
Generating code for file app/sysbackup.inc...
Generating code for file dumpusers...
Generating code for file localexec...
Generating code for file remexec...
Generating code for file sysbackup...
Generating code for file sysbackup.conf...
Generating code for file lib/general-log.inc...
Generating code for file lib/general-namedparameters.inc...
Generating code for file lib/general-net.inc...
Generating code for file lib/general-plugins.inc...
Generating code for file lib/general-stopwatch.inc...
Generating code for file lib/general-sysexec.inc...
Generating code for file lib/general-sysutils.inc...
Generating code for file lib/general-tee.inc...
Generating code for file lib/general-utils.inc...
Generating code for file lib/sys-account-info.inc...
Generating code for file lib/sys-account-migration.inc...
Generating code for file lib/sys-packagelist.inc...
Generating code for file lib/sys-remote-fileio.inc...
Generating code for file lib/sys-remote-filesys.inc...
Generating code for file lib/sys-tarballs.inc...
Generating file documentation...
Generating docs for file app/sysbackup-plugins.inc...
Generating docs for file app/sysbackup-vfs-backupset.inc...
Generating docs for file app/sysbackup-vfs-base.inc...
Generating docs for file app/sysbackup-vfs-hashlists.inc...
Generating docs for file app/sysbackup-vfs-io.inc...
Generating docs for file app/sysbackup-vfs-localio-rotation.inc...
Generating docs for file app/sysbackup-vfs-localio.inc...
Generating docs for file app/sysbackup-vfs-sshremote-rotation.inc...
Generating docs for file app/sysbackup-vfs-sshremote.inc...
Generating docs for file app/sysbackup-vfs.inc...
Generating docs for file app/sysbackup.inc...
Generating docs for file dumpusers...
Generating docs for file localexec...
Generating docs for file remexec...
Generating docs for file sysbackup...
Generating docs for file sysbackup.conf...
Generating docs for file lib/general-log.inc...
Generating caller graph for function backtrace
Generating docs for file lib/general-namedparameters.inc...
Generating docs for file lib/general-net.inc...
Generating call graph for function _ifconfig
Generating caller graph for function _ifconfig
Generating call graph for function ifconfig
Generating call graph for function network_device_stats
Generating caller graph for function network_device_stats
Generating call graph for function network_devices
Generating docs for file lib/general-plugins.inc...
Generating docs for file lib/general-stopwatch.inc...
Generating docs for file lib/general-sysexec.inc...
Generating caller graph for function sysexec
Generating caller graph for function sysfilter
Generating docs for file lib/general-sysutils.inc...
Generating caller graph for function _list_folder_items
Generating call graph for function can_hardlink
Generating caller graph for function can_hardlink
Generating call graph for function disk_usage
Generating caller graph for function disk_usage
Generating call graph for function list_expired_items
Generating caller graph for function list_expired_items
Generating call graph for function remove_expired_items
Generating caller graph for function remove_expired_items
Generating caller graph for function subfolder_sizes
Generating docs for file lib/general-tee.inc...
Generating docs for file lib/general-utils.inc...
Generating call graph for function _glob_match
Generating caller graph for function _glob_match
Generating caller graph for function capture_begin
Generating caller graph for function capture_end
Generating call graph for function dir_fn
Generating caller graph for function dir_fn
Generating caller graph for function find_array_element_text
Generating caller graph for function find_prefixed_value
Generating caller graph for function get_temp_dir
Generating call graph for function get_temp_filename
Generating caller graph for function get_temp_filename
Generating call graph for function glob_match
Generating caller graph for function phpval2str
Generating caller graph for function si_suffix
Generating caller graph for function single_chars
Generating call graph for function single_spaces
Generating caller graph for function single_spaces
Generating docs for file lib/sys-account-info.inc...
Generating docs for file lib/sys-account-migration.inc...
Generating docs for file lib/sys-packagelist.inc...
Generating call graph for function package_list
Generating docs for file lib/sys-remote-fileio.inc...
Generating docs for file lib/sys-remote-filesys.inc...
Generating docs for file lib/sys-tarballs.inc...
Generating page documentation...
Generating docs for page todo...
Generating group documentation...
Generating group index...
Generating class documentation...
Generating annotated compound index...
Generating alphabetical compound index...
Generating hierarchical class index...
Generating member index...
Generating docs for compound account_info_c...
Generating call graph for function account_info_c::__construct
Generating caller graph for function account_info_c::read_group
Generating caller graph for function account_info_c::read_gshadow
Generating caller graph for function account_info_c::read_passwd
Generating caller graph for function account_info_c::read_shadow
Generating docs for compound account_migration_c...
Generating caller graph for function account_migration_c::gen_groupadd
Generating caller graph for function account_migration_c::gen_useradd
Generating call graph for function account_migration_c::migration_commands
Generating docs for compound applog_c...
Generating call graph for function applog_c::__construct
Generating caller graph for function applog_c::application_name
Generating caller graph for function applog_c::debug
Generating caller graph for function applog_c::hostname_short
Generating call graph for function applog_c::log
Generating caller graph for function applog_c::log
Generating caller graph for function applog_c::log_prefix
Generating caller graph for function applog_c::logfile_disabled
Generating caller graph for function applog_c::logfn
Generating docs for compound backupvfs_backupset_c...
Generating call graph for function backupvfs_backupset_c::_get_last_hashlist
Generating caller graph for function backupvfs_backupset_c::_get_last_hashlist
Generating call graph for function backupvfs_backupset_c::_register
Generating caller graph for function backupvfs_backupset_c::_register
Generating call graph for function backupvfs_backupset_c::addfile
Generating call graph for function backupvfs_backupset_c::get_last_hashlist
Generating caller graph for function backupvfs_backupset_c::get_prev_path
Generating call graph for function backupvfs_backupset_c::register
Generating call graph for function backupvfs_backupset_c::save_last_backup_name
Generating caller graph for function backupvfs_backupset_c::should_hardlink
Generating docs for compound backupvfs_baseio_c...
Generating call graph for function backupvfs_baseio_c::__construct
Generating caller graph for function backupvfs_baseio_c::_std_vfsplugin_method_warning
Generating call graph for function backupvfs_baseio_c::dump_config
Generating caller graph for function backupvfs_baseio_c::get_hostid
Generating caller graph for function backupvfs_baseio_c::get_hostname
Generating caller graph for function backupvfs_baseio_c::get_path_backupset
Generating caller graph for function backupvfs_baseio_c::get_path_daily
Generating call graph for function backupvfs_baseio_c::get_paths
Generating caller graph for function backupvfs_baseio_c::get_rotations_daily
Generating caller graph for function backupvfs_baseio_c::get_stats
Generating caller graph for function backupvfs_baseio_c::get_umaskfiles
Generating call graph for function backupvfs_baseio_c::plugin_shortref
Generating call graph for function backupvfs_baseio_c::stat_str
Generating call graph for function backupvfs_baseio_c::vfs_addfile
Generating call graph for function backupvfs_baseio_c::vfs_compress_file
Generating call graph for function backupvfs_baseio_c::vfs_compress_string
Generating call graph for function backupvfs_baseio_c::vfs_end
Generating call graph for function backupvfs_baseio_c::vfs_init
Generating call graph for function backupvfs_baseio_c::vfs_start
Generating call graph for function backupvfs_baseio_c::vfs_tarball_folder
Generating docs for compound backupvfs_fileio_c...
Generating call graph for function backupvfs_fileio_c::_mark_backupset_incomplete
Generating caller graph for function backupvfs_fileio_c::_mark_backupset_incomplete
Generating call graph for function backupvfs_fileio_c::_unmark_backupset_incomplete
Generating caller graph for function backupvfs_fileio_c::_unmark_backupset_incomplete
Generating call graph for function backupvfs_fileio_c::_vfs_can_hardlink
Generating caller graph for function backupvfs_fileio_c::_vfs_chmod
Generating caller graph for function backupvfs_fileio_c::_vfs_disk_free_space
Generating caller graph for function backupvfs_fileio_c::_vfs_disk_total_space
Generating call graph for function backupvfs_fileio_c::_vfs_fatal_file_error
Generating caller graph for function backupvfs_fileio_c::_vfs_fatal_file_error
Generating caller graph for function backupvfs_fileio_c::_vfs_file_exists
Generating caller graph for function backupvfs_fileio_c::_vfs_file_put_contents
Generating caller graph for function backupvfs_fileio_c::_vfs_is_writable
Generating caller graph for function backupvfs_fileio_c::_vfs_link
Generating call graph for function backupvfs_fileio_c::_vfs_list_expired_items
Generating caller graph for function backupvfs_fileio_c::_vfs_list_expired_items
Generating caller graph for function backupvfs_fileio_c::_vfs_mkdir
Generating call graph for function backupvfs_fileio_c::_vfs_prune_expired_backups
Generating caller graph for function backupvfs_fileio_c::_vfs_prune_expired_backups
Generating call graph for function backupvfs_fileio_c::_vfs_remove_expired_items
Generating caller graph for function backupvfs_fileio_c::_vfs_remove_expired_items
Generating caller graph for function backupvfs_fileio_c::_vfs_unlink
Generating call graph for function backupvfs_fileio_c::vfs_createbackupset_folder
Generating caller graph for function backupvfs_fileio_c::vfs_createbackupset_folder
Generating caller graph for function backupvfs_fileio_c::vfs_displayref
Generating call graph for function backupvfs_fileio_c::vfs_folder_check
Generating caller graph for function backupvfs_fileio_c::vfs_folder_check
Generating call graph for function backupvfs_fileio_c::vfs_hardlink
Generating call graph for function backupvfs_fileio_c::vfs_subfolder
Generating call graph for function backupvfs_fileio_c::vfs_warn_disk_space
Generating caller graph for function backupvfs_fileio_c::vfs_warn_disk_space
Generating docs for compound backupvfs_hashlist_c...
Generating call graph for function backupvfs_hashlist_c::__construct
Generating caller graph for function backupvfs_hashlist_c::_read
Generating caller graph for function backupvfs_hashlist_c::_reverse
Generating caller graph for function backupvfs_hashlist_c::_write
Generating caller graph for function backupvfs_hashlist_c::all_reset
Generating call graph for function backupvfs_hashlist_c::read
Generating call graph for function backupvfs_hashlist_c::save_all
Generating docs for compound backupvfs_localio_c...
Generating call graph for function backupvfs_localio_c::__construct
Generating call graph for function backupvfs_localio_c::plugin_instance
Generating call graph for function backupvfs_localio_c::vfs_prune_expired_backups
Generating call graph for function backupvfs_localio_c::vfs_tarball_folder
Generating docs for compound backupvfs_localio_rotation_c...
Generating call graph for function backupvfs_localio_rotation_c::__construct
Generating call graph for function backupvfs_localio_rotation_c::get_path_rotation
Generating caller graph for function backupvfs_localio_rotation_c::get_path_rotation
Generating call graph for function backupvfs_localio_rotation_c::get_rotation_total
Generating caller graph for function backupvfs_localio_rotation_c::get_rotation_total
Generating call graph for function backupvfs_localio_rotation_c::rotation_copyfile
Generating call graph for function backupvfs_localio_rotation_c::vfs_end
Generating call graph for function backupvfs_localio_rotation_c::vfs_init
Generating call graph for function backupvfs_localio_rotation_c::vfs_prune_expired_backups
Generating call graph for function backupvfs_localio_rotation_c::vfs_start
Generating docs for compound backupvfs_main_c...
Generating call graph for function backupvfs_main_c::_notquiet_report
Generating call graph for function backupvfs_main_c::_notquiet_report_header
Generating caller graph for function backupvfs_main_c::_notquiet_report_header
Generating call graph for function backupvfs_main_c::_verbose_report
Generating caller graph for function backupvfs_main_c::_verbose_report
Generating call graph for function backupvfs_main_c::_vfs_local_cleanup
Generating call graph for function backupvfs_main_c::add_sshremote
Generating call graph for function backupvfs_main_c::add_standard_internal_jobs
Generating caller graph for function backupvfs_main_c::add_standard_internal_jobs
Generating call graph for function backupvfs_main_c::dump_config
Generating caller graph for function backupvfs_main_c::get_backupset_name
Generating caller graph for function backupvfs_main_c::get_current_subfolder
Generating caller graph for function backupvfs_main_c::get_hostid
Generating caller graph for function backupvfs_main_c::get_hostname
Generating caller graph for function backupvfs_main_c::get_keeplocal
Generating caller graph for function backupvfs_main_c::get_path_backupset
Generating call graph for function backupvfs_main_c::get_paths
Generating caller graph for function backupvfs_main_c::job_reset
Generating call graph for function backupvfs_main_c::log_stats
Generating caller graph for function backupvfs_main_c::log_stats
Generating call graph for function backupvfs_main_c::plugin_internal
Generating caller graph for function backupvfs_main_c::prune_expired_backups
Generating call graph for function backupvfs_main_c::remote_xferfiles
Generating caller graph for function backupvfs_main_c::remote_xferfiles
Generating call graph for function backupvfs_main_c::show_stats
Generating caller graph for function backupvfs_main_c::show_stats
Generating call graph for function backupvfs_main_c::summary_stats
Generating caller graph for function backupvfs_main_c::summary_stats
Generating call graph for function backupvfs_main_c::vfs_addfile
Generating call graph for function backupvfs_main_c::vfs_compress_command
Generating call graph for function backupvfs_main_c::vfs_compress_file
Generating call graph for function backupvfs_main_c::vfs_compress_string
Generating caller graph for function backupvfs_main_c::vfs_end
Generating call graph for function backupvfs_main_c::vfs_init
Generating caller graph for function backupvfs_main_c::vfs_init
Generating call graph for function backupvfs_main_c::vfs_start
Generating caller graph for function backupvfs_main_c::vfs_start
Generating caller graph for function backupvfs_main_c::vfs_subfolder
Generating call graph for function backupvfs_main_c::vfs_tarball_folder
Generating caller graph for function backupvfs_main_c::warn_disk_space
Generating docs for compound backupvfs_sshremote_c...
Generating call graph for function backupvfs_sshremote_c::__construct
Generating caller graph for function backupvfs_sshremote_c::_vfs_can_hardlink
Generating caller graph for function backupvfs_sshremote_c::_vfs_chmod
Generating call graph for function backupvfs_sshremote_c::_vfs_fatal_file_error
Generating caller graph for function backupvfs_sshremote_c::_vfs_file_exists
Generating caller graph for function backupvfs_sshremote_c::_vfs_link
Generating caller graph for function backupvfs_sshremote_c::_vfs_unlink
Generating call graph for function backupvfs_sshremote_c::load_remote_configuration_file
Generating caller graph for function backupvfs_sshremote_c::load_remote_configuration_file
Generating call graph for function backupvfs_sshremote_c::plugin_help
Generating call graph for function backupvfs_sshremote_c::remote_copyfile
Generating caller graph for function backupvfs_sshremote_c::set_debugsysexec
Generating call graph for function backupvfs_sshremote_c::vfs_init
Generating call graph for function backupvfs_sshremote_c::vfs_prune_expired_backups
Generating docs for compound backupvfs_sshremote_rotation_c...
Generating call graph for function backupvfs_sshremote_rotation_c::__construct
Generating call graph for function backupvfs_sshremote_rotation_c::get_path_rotation
Generating caller graph for function backupvfs_sshremote_rotation_c::get_path_rotation
Generating call graph for function backupvfs_sshremote_rotation_c::get_rotation_total
Generating caller graph for function backupvfs_sshremote_rotation_c::get_rotation_total
Generating call graph for function backupvfs_sshremote_rotation_c::rotation_copyfile
Generating call graph for function backupvfs_sshremote_rotation_c::vfs_end
Generating call graph for function backupvfs_sshremote_rotation_c::vfs_init
Generating call graph for function backupvfs_sshremote_rotation_c::vfs_prune_expired_backups
Generating call graph for function backupvfs_sshremote_rotation_c::vfs_start
Generating docs for compound backupvfs_stats_c...
Generating call graph for function backupvfs_stats_c::__construct
Generating caller graph for function backupvfs_stats_c::reset
Generating docs for compound effective_user_c...
Generating call graph for function effective_user_c::__construct
Generating caller graph for function effective_user_c::refresh
Generating docs for compound linux_distro_c...
Generating docs for compound localexec_c...
Generating call graph for function localexec_c::__construct
Generating call graph for function localexec_c::exec
Generating caller graph for function localexec_c::exec
Generating call graph for function localexec_c::fatal_file_error
Generating caller graph for function localexec_c::fatal_file_error
Generating call graph for function localexec_c::help
Generating caller graph for function localexec_c::help
Generating call graph for function localexec_c::params_required
Generating caller graph for function localexec_c::params_required
Generating call graph for function localexec_c::params_show
Generating caller graph for function localexec_c::params_show
Generating call graph for function localexec_c::params_showneeded
Generating caller graph for function localexec_c::params_showneeded
Generating call graph for function localexec_c::result
Generating caller graph for function localexec_c::result
Generating docs for compound logfile_c...
Generating caller graph for function logfile_c::_save_to_buffer
Generating call graph for function logfile_c::append
Generating caller graph for function logfile_c::close
Generating caller graph for function logfile_c::flush
Generating caller graph for function logfile_c::lock
Generating caller graph for function logfile_c::open
Generating caller graph for function logfile_c::seek
Generating caller graph for function logfile_c::unlock
Generating caller graph for function logfile_c::write
Generating docs for compound mktarball_util_c...
Generating call graph for function mktarball_util_c::_build_compress_file_cmd
Generating caller graph for function mktarball_util_c::_build_compress_file_cmd
Generating call graph for function mktarball_util_c::_build_compression_filter_cmd
Generating caller graph for function mktarball_util_c::_build_compression_filter_cmd
Generating caller graph for function mktarball_util_c::_build_gzip_cmd
Generating caller graph for function mktarball_util_c::_build_tar_cmd
Generating call graph for function mktarball_util_c::_build_tarball_cmd
Generating caller graph for function mktarball_util_c::_build_tarball_cmd
Generating call graph for function mktarball_util_c::_eval_compression_filter_exitcode
Generating caller graph for function mktarball_util_c::_eval_compression_filter_exitcode
Generating caller graph for function mktarball_util_c::_eval_gzip_exitcode
Generating caller graph for function mktarball_util_c::_eval_tar_exitcode
Generating call graph for function mktarball_util_c::_eval_tarballer_exitcode
Generating caller graph for function mktarball_util_c::_eval_tarballer_exitcode
Generating call graph for function mktarball_util_c::command
Generating call graph for function mktarball_util_c::file
Generating call graph for function mktarball_util_c::folder
Generating caller graph for function mktarball_util_c::last_error
Generating call graph for function mktarball_util_c::str
Generating docs for compound named_parameters_base_c...
Generating call graph for function named_parameters_base_c::__dump_properties
Generating caller graph for function named_parameters_base_c::__dump_properties
Generating call graph for function named_parameters_base_c::_check
Generating caller graph for function named_parameters_base_c::_check
Generating call graph for function named_parameters_base_c::_display_paramvals
Generating caller graph for function named_parameters_base_c::_display_paramvals
Generating call graph for function named_parameters_base_c::_display_properties
Generating caller graph for function named_parameters_base_c::_display_properties
Generating call graph for function named_parameters_base_c::_display_required
Generating caller graph for function named_parameters_base_c::_display_required
Generating call graph for function named_parameters_base_c::_display_val
Generating caller graph for function named_parameters_base_c::_display_val
Generating call graph for function named_parameters_base_c::_dump_paramvals
Generating caller graph for function named_parameters_base_c::_dump_paramvals
Generating call graph for function named_parameters_base_c::_dump_properties
Generating caller graph for function named_parameters_base_c::_dump_properties
Generating call graph for function named_parameters_base_c::_dump_val
Generating caller graph for function named_parameters_base_c::_dump_val
Generating caller graph for function named_parameters_base_c::_get_default
Generating caller graph for function named_parameters_base_c::_get_help
Generating caller graph for function named_parameters_base_c::_get_param
Generating call graph for function named_parameters_base_c::_get_params
Generating caller graph for function named_parameters_base_c::_get_params
Generating caller graph for function named_parameters_base_c::_get_required
Generating caller graph for function named_parameters_base_c::_get_showhelp_flag
Generating call graph for function named_parameters_base_c::_get_valid
Generating caller graph for function named_parameters_base_c::_get_valid
Generating caller graph for function named_parameters_base_c::_get_varname
Generating call graph for function named_parameters_base_c::_register
Generating caller graph for function named_parameters_base_c::_register
Generating call graph for function named_parameters_base_c::_set_optional
Generating caller graph for function named_parameters_base_c::_set_optional
Generating call graph for function named_parameters_base_c::_set_properties
Generating caller graph for function named_parameters_base_c::_set_properties
Generating call graph for function named_parameters_base_c::fatal
Generating caller graph for function named_parameters_base_c::fatal
Generating call graph for function named_parameters_base_c::reqstr
Generating caller graph for function named_parameters_base_c::reqstr
Generating caller graph for function named_parameters_base_c::tee
Generating call graph for function named_parameters_base_c::warning
Generating caller graph for function named_parameters_base_c::warning
Generating docs for compound named_parameters_c...
Generating call graph for function named_parameters_c::check
Generating call graph for function named_parameters_c::display_paramvals
Generating call graph for function named_parameters_c::display_properties
Generating call graph for function named_parameters_c::display_required
Generating call graph for function named_parameters_c::dump_paramvals
Generating call graph for function named_parameters_c::dump_properties
Generating call graph for function named_parameters_c::get_default
Generating call graph for function named_parameters_c::get_help
Generating call graph for function named_parameters_c::get_param
Generating call graph for function named_parameters_c::get_params
Generating call graph for function named_parameters_c::get_required
Generating call graph for function named_parameters_c::get_valid
Generating call graph for function named_parameters_c::get_varname
Generating call graph for function named_parameters_c::register
Generating call graph for function named_parameters_c::set_optional
Generating call graph for function named_parameters_c::set_properties
Generating docs for compound plugin_appreference_c...
Generating caller graph for function plugin_appreference_c::_message_prefix_text
Generating call graph for function plugin_appreference_c::fatal
Generating caller graph for function plugin_appreference_c::fatal
Generating call graph for function plugin_appreference_c::log
Generating call graph for function plugin_appreference_c::tee
Generating caller graph for function plugin_appreference_c::tee
Generating call graph for function plugin_appreference_c::warning
Generating caller graph for function plugin_appreference_c::warning
Generating docs for compound plugin_base_c...
Generating call graph for function plugin_base_c::__construct
Generating caller graph for function plugin_base_c::_std_plugin_method_warning
Generating call graph for function plugin_base_c::job_cleanup
Generating call graph for function plugin_base_c::job_exec
Generating call graph for function plugin_base_c::job_prepare
Generating call graph for function plugin_base_c::load
Generating caller graph for function plugin_base_c::plugin_enabled
Generating call graph for function plugin_base_c::plugin_instance
Generating caller graph for function plugin_base_c::plugin_title
Generating call graph for function plugin_base_c::unload
Generating docs for compound plugin_framework_c...
Generating call graph for function plugin_framework_c::add_job
Generating caller graph for function plugin_framework_c::add_job
Generating call graph for function plugin_framework_c::add_plugin
Generating caller graph for function plugin_framework_c::add_plugin_disabled
Generating caller graph for function plugin_framework_c::after_loading_jobs
Generating caller graph for function plugin_framework_c::app_after_events
Generating caller graph for function plugin_framework_c::app_after_init
Generating caller graph for function plugin_framework_c::app_after_job
Generating caller graph for function plugin_framework_c::app_before_events
Generating caller graph for function plugin_framework_c::app_before_init
Generating caller graph for function plugin_framework_c::app_before_job
Generating call graph for function plugin_framework_c::app_help
Generating caller graph for function plugin_framework_c::app_help
Generating call graph for function plugin_framework_c::app_init
Generating caller graph for function plugin_framework_c::app_init
Generating call graph for function plugin_framework_c::app_title
Generating caller graph for function plugin_framework_c::app_title
Generating caller graph for function plugin_framework_c::approve_job
Generating caller graph for function plugin_framework_c::before_loading_jobs
Generating caller graph for function plugin_framework_c::before_loading_plugins
Generating call graph for function plugin_framework_c::default_action
Generating caller graph for function plugin_framework_c::default_action
Generating call graph for function plugin_framework_c::default_action_args
Generating caller graph for function plugin_framework_c::default_action_args
Generating call graph for function plugin_framework_c::default_flag_action
Generating caller graph for function plugin_framework_c::default_flag_action
Generating call graph for function plugin_framework_c::default_flag_args
Generating caller graph for function plugin_framework_c::default_flag_args
Generating call graph for function plugin_framework_c::dump_config
Generating caller graph for function plugin_framework_c::dump_config
Generating call graph for function plugin_framework_c::dump_events
Generating caller graph for function plugin_framework_c::dump_events
Generating call graph for function plugin_framework_c::dump_jobs
Generating caller graph for function plugin_framework_c::dump_jobs
Generating call graph for function plugin_framework_c::dump_plugins
Generating caller graph for function plugin_framework_c::dump_plugins
Generating call graph for function plugin_framework_c::load_app_config
Generating caller graph for function plugin_framework_c::load_app_config
Generating call graph for function plugin_framework_c::load_jobs
Generating caller graph for function plugin_framework_c::load_jobs
Generating call graph for function plugin_framework_c::load_plugins
Generating caller graph for function plugin_framework_c::load_plugins
Generating call graph for function plugin_framework_c::main
Generating call graph for function plugin_framework_c::plugin_internal
Generating caller graph for function plugin_framework_c::plugin_internal
Generating caller graph for function plugin_framework_c::set_appexec
Generating caller graph for function plugin_framework_c::set_debugsysexec
Generating call graph for function plugin_framework_c::trigger_events
Generating caller graph for function plugin_framework_c::trigger_events
Generating caller graph for function plugin_framework_c::verbose
Generating docs for compound remote_exec_c...
Generating caller graph for function remote_exec_c::__construct
Generating call graph for function remote_exec_c::exec
Generating caller graph for function remote_exec_c::exec
Generating call graph for function remote_exec_c::fatal_file_error
Generating caller graph for function remote_exec_c::fatal_file_error
Generating call graph for function remote_exec_c::help
Generating caller graph for function remote_exec_c::help
Generating call graph for function remote_exec_c::main
Generating call graph for function remote_exec_c::params_required
Generating caller graph for function remote_exec_c::params_required
Generating call graph for function remote_exec_c::params_show
Generating caller graph for function remote_exec_c::params_show
Generating call graph for function remote_exec_c::params_showneeded
Generating caller graph for function remote_exec_c::params_showneeded
Generating call graph for function remote_exec_c::result
Generating caller graph for function remote_exec_c::result
Generating docs for compound remote_fileio_c...
Generating call graph for function remote_fileio_c::__construct
Generating call graph for function remote_fileio_c::file_put_contents
Generating caller graph for function remote_fileio_c::scp_to_remote
Generating docs for compound remote_filesystem_c...
Generating caller graph for function remote_filesystem_c::is_readable
Generating caller graph for function remote_filesystem_c::unlink
Generating docs for compound stopwatch_c...
Generating caller graph for function stopwatch_c::all_start
Generating caller graph for function stopwatch_c::all_stop
Generating call graph for function stopwatch_c::all_time
Generating caller graph for function stopwatch_c::all_time
Generating call graph for function stopwatch_c::lap_start
Generating caller graph for function stopwatch_c::lap_start
Generating call graph for function stopwatch_c::lap_stop
Generating caller graph for function stopwatch_c::lap_stop
Generating call graph for function stopwatch_c::lap_time
Generating docs for compound sysbackup_plugin_base_c...
Generating call graph for function sysbackup_plugin_base_c::__construct
Generating caller graph for function sysbackup_plugin_base_c::encode_filename
Generating call graph for function sysbackup_plugin_base_c::rel_ref
Generating caller graph for function sysbackup_plugin_base_c::rel_ref
Generating call graph for function sysbackup_plugin_base_c::vfs_addfile
Generating call graph for function sysbackup_plugin_base_c::vfs_compress_command
Generating call graph for function sysbackup_plugin_base_c::vfs_compress_file
Generating call graph for function sysbackup_plugin_base_c::vfs_compress_string
Generating call graph for function sysbackup_plugin_base_c::vfs_tarball_folder
Generating docs for compound system_backup_app_c...
Generating call graph for function system_backup_app_c::after_loading_jobs
Generating call graph for function system_backup_app_c::app_after_events
Generating call graph for function system_backup_app_c::app_after_init
Generating call graph for function system_backup_app_c::app_after_job
Generating call graph for function system_backup_app_c::app_before_events
Generating call graph for function system_backup_app_c::app_before_init
Generating call graph for function system_backup_app_c::app_before_job
Generating call graph for function system_backup_app_c::app_title
Generating call graph for function system_backup_app_c::approve_job
Generating docs for compound teelog_c...
Generating call graph for function teelog_c::fatal
Generating caller graph for function teelog_c::fatal
Generating caller graph for function teelog_c::not_quiet
Generating call graph for function teelog_c::notquiet
Generating caller graph for function teelog_c::notquiet
Generating caller graph for function teelog_c::quiet
Generating caller graph for function teelog_c::tee
Generating caller graph for function teelog_c::teefn
Generating call graph for function teelog_c::warning
Generating caller graph for function teelog_c::warning
Generating graphical class hierarchy...
Generating namespace index...
Generating docs for namespace aforms
Generating docs for namespace server
Generating docs for namespace sysbackup
Generating namespace member index...
Generating graph info page...
Generating directory documentation...
Generating dependency graph for directory app/
Generating dependency graph for directory lib/
Generating file index...
Generating directory index...
Generating example index...
Generating file member index...
finalizing index lists...
Generating dot graphs using 0 parallel threads...
Running dot for graph 1/487
Running dot for graph 2/487
Running dot for graph 3/487
Running dot for graph 4/487
Running dot for graph 5/487
Running dot for graph 6/487
Running dot for graph 7/487
Running dot for graph 8/487
Running dot for graph 9/487
Running dot for graph 10/487
Running dot for graph 11/487
Running dot for graph 12/487
Running dot for graph 13/487
Running dot for graph 14/487
Running dot for graph 15/487
Running dot for graph 16/487
Running dot for graph 17/487
Running dot for graph 18/487
Running dot for graph 19/487
Running dot for graph 20/487
Running dot for graph 21/487
Running dot for graph 22/487
Running dot for graph 23/487
Running dot for graph 24/487
Running dot for graph 25/487
Running dot for graph 26/487
Running dot for graph 27/487
Running dot for graph 28/487
Running dot for graph 29/487
Running dot for graph 30/487
Running dot for graph 31/487
Running dot for graph 32/487
Running dot for graph 33/487
Running dot for graph 34/487
Running dot for graph 35/487
Running dot for graph 36/487
Running dot for graph 37/487
Running dot for graph 38/487
Running dot for graph 39/487
Running dot for graph 40/487
Running dot for graph 41/487
Running dot for graph 42/487
Running dot for graph 43/487
Running dot for graph 44/487
Running dot for graph 45/487
Running dot for graph 46/487
Running dot for graph 47/487
Running dot for graph 48/487
Running dot for graph 49/487
Running dot for graph 50/487
Running dot for graph 51/487
Running dot for graph 52/487
Running dot for graph 53/487
Running dot for graph 54/487
Running dot for graph 55/487
Running dot for graph 56/487
Running dot for graph 57/487
Running dot for graph 58/487
Running dot for graph 59/487
Running dot for graph 60/487
Running dot for graph 61/487
Running dot for graph 62/487
Running dot for graph 63/487
Running dot for graph 64/487
Running dot for graph 65/487
Running dot for graph 66/487
Running dot for graph 67/487
Running dot for graph 68/487
Running dot for graph 69/487
Running dot for graph 70/487
Running dot for graph 71/487
Running dot for graph 72/487
Running dot for graph 73/487
Running dot for graph 74/487
Running dot for graph 75/487
Running dot for graph 76/487
Running dot for graph 77/487
Running dot for graph 78/487
Running dot for graph 79/487
Running dot for graph 80/487
Running dot for graph 81/487
Running dot for graph 82/487
Running dot for graph 83/487
Running dot for graph 84/487
Running dot for graph 85/487
Running dot for graph 86/487
Running dot for graph 87/487
Running dot for graph 88/487
Running dot for graph 89/487
Running dot for graph 90/487
Running dot for graph 91/487
Running dot for graph 92/487
Running dot for graph 93/487
Running dot for graph 94/487
Running dot for graph 95/487
Running dot for graph 96/487
Running dot for graph 97/487
Running dot for graph 98/487
Running dot for graph 99/487
Running dot for graph 100/487
Running dot for graph 101/487
Running dot for graph 102/487
Running dot for graph 103/487
Running dot for graph 104/487
Running dot for graph 105/487
Running dot for graph 106/487
Running dot for graph 107/487
Running dot for graph 108/487
Running dot for graph 109/487
Running dot for graph 110/487
Running dot for graph 111/487
Running dot for graph 112/487
Running dot for graph 113/487
Running dot for graph 114/487
Running dot for graph 115/487
Running dot for graph 116/487
Running dot for graph 117/487
Running dot for graph 118/487
Running dot for graph 119/487
Running dot for graph 120/487
Running dot for graph 121/487
Running dot for graph 122/487
Running dot for graph 123/487
Running dot for graph 124/487
Running dot for graph 125/487
Running dot for graph 126/487
Running dot for graph 127/487
Running dot for graph 128/487
Running dot for graph 129/487
Running dot for graph 130/487
Running dot for graph 131/487
Running dot for graph 132/487
Running dot for graph 133/487
Running dot for graph 134/487
Running dot for graph 135/487
Running dot for graph 136/487
Running dot for graph 137/487
Running dot for graph 138/487
Running dot for graph 139/487
Running dot for graph 140/487
Running dot for graph 141/487
Running dot for graph 142/487
Running dot for graph 143/487
Running dot for graph 144/487
Running dot for graph 145/487
Running dot for graph 146/487
Running dot for graph 147/487
Running dot for graph 148/487
Running dot for graph 149/487
Running dot for graph 150/487
Running dot for graph 151/487
Running dot for graph 152/487
Running dot for graph 153/487
Running dot for graph 154/487
Running dot for graph 155/487
Running dot for graph 156/487
Running dot for graph 157/487
Running dot for graph 158/487
Running dot for graph 159/487
Running dot for graph 160/487
Running dot for graph 161/487
Running dot for graph 162/487
Running dot for graph 163/487
Running dot for graph 164/487
Running dot for graph 165/487
Running dot for graph 166/487
Running dot for graph 167/487
Running dot for graph 168/487
Running dot for graph 169/487
Running dot for graph 170/487
Running dot for graph 171/487
Running dot for graph 172/487
Running dot for graph 173/487
Running dot for graph 174/487
Running dot for graph 175/487
Running dot for graph 176/487
Running dot for graph 177/487
Running dot for graph 178/487
Running dot for graph 179/487
Running dot for graph 180/487
Running dot for graph 181/487
Running dot for graph 182/487
Running dot for graph 183/487
Running dot for graph 184/487
Running dot for graph 185/487
Running dot for graph 186/487
Running dot for graph 187/487
Running dot for graph 188/487
Running dot for graph 189/487
Running dot for graph 190/487
Running dot for graph 191/487
Running dot for graph 192/487
Running dot for graph 193/487
Running dot for graph 194/487
Running dot for graph 195/487
Running dot for graph 196/487
Running dot for graph 197/487
Running dot for graph 198/487
Running dot for graph 199/487
Running dot for graph 200/487
Running dot for graph 201/487
Running dot for graph 202/487
Running dot for graph 203/487
Running dot for graph 204/487
Running dot for graph 205/487
Running dot for graph 206/487
Running dot for graph 207/487
Running dot for graph 208/487
Running dot for graph 209/487
Running dot for graph 210/487
Running dot for graph 211/487
Running dot for graph 212/487
Running dot for graph 213/487
Running dot for graph 214/487
Running dot for graph 215/487
Running dot for graph 216/487
Running dot for graph 217/487
Running dot for graph 218/487
Running dot for graph 219/487
Running dot for graph 220/487
Running dot for graph 221/487
Running dot for graph 222/487
Running dot for graph 223/487
Running dot for graph 224/487
Running dot for graph 225/487
Running dot for graph 226/487
Running dot for graph 227/487
Running dot for graph 228/487
Running dot for graph 229/487
Running dot for graph 230/487
Running dot for graph 231/487
Running dot for graph 232/487
Running dot for graph 233/487
Running dot for graph 234/487
Running dot for graph 235/487
Running dot for graph 236/487
Running dot for graph 237/487
Running dot for graph 238/487
Running dot for graph 239/487
Running dot for graph 240/487
Running dot for graph 241/487
Running dot for graph 242/487
Running dot for graph 243/487
Running dot for graph 244/487
Running dot for graph 245/487
Running dot for graph 246/487
Running dot for graph 247/487
Running dot for graph 248/487
Running dot for graph 249/487
Running dot for graph 250/487
Running dot for graph 251/487
Running dot for graph 252/487
Running dot for graph 253/487
Running dot for graph 254/487
Running dot for graph 255/487
Running dot for graph 256/487
Running dot for graph 257/487
Running dot for graph 258/487
Running dot for graph 259/487
Running dot for graph 260/487
Running dot for graph 261/487
Running dot for graph 262/487
Running dot for graph 263/487
Running dot for graph 264/487
Running dot for graph 265/487
Running dot for graph 266/487
Running dot for graph 267/487
Running dot for graph 268/487
Running dot for graph 269/487
Running dot for graph 270/487
Running dot for graph 271/487
Running dot for graph 272/487
Running dot for graph 273/487
Running dot for graph 274/487
Running dot for graph 275/487
Running dot for graph 276/487
Running dot for graph 277/487
Running dot for graph 278/487
Running dot for graph 279/487
Running dot for graph 280/487
Running dot for graph 281/487
Running dot for graph 282/487
Running dot for graph 283/487
Running dot for graph 284/487
Running dot for graph 285/487
Running dot for graph 286/487
Running dot for graph 287/487
Running dot for graph 288/487
Running dot for graph 289/487
Running dot for graph 290/487
Running dot for graph 291/487
Running dot for graph 292/487
Running dot for graph 293/487
Running dot for graph 294/487
Running dot for graph 295/487
Running dot for graph 296/487
Running dot for graph 297/487
Running dot for graph 298/487
Running dot for graph 299/487
Running dot for graph 300/487
Running dot for graph 301/487
Running dot for graph 302/487
Running dot for graph 303/487
Running dot for graph 304/487
Running dot for graph 305/487
Running dot for graph 306/487
Running dot for graph 307/487
Running dot for graph 308/487
Running dot for graph 309/487
Running dot for graph 310/487
Running dot for graph 311/487
Running dot for graph 312/487
Running dot for graph 313/487
Running dot for graph 314/487
Running dot for graph 315/487
Running dot for graph 316/487
Running dot for graph 317/487
Running dot for graph 318/487
Running dot for graph 319/487
Running dot for graph 320/487
Running dot for graph 321/487
Running dot for graph 322/487
Running dot for graph 323/487
Running dot for graph 324/487
Running dot for graph 325/487
Running dot for graph 326/487
Running dot for graph 327/487
Running dot for graph 328/487
Running dot for graph 329/487
Running dot for graph 330/487
Running dot for graph 331/487
Running dot for graph 332/487
Running dot for graph 333/487
Running dot for graph 334/487
Running dot for graph 335/487
Running dot for graph 336/487
Running dot for graph 337/487
Running dot for graph 338/487
Running dot for graph 339/487
Running dot for graph 340/487
Running dot for graph 341/487
Running dot for graph 342/487
Running dot for graph 343/487
Running dot for graph 344/487
Running dot for graph 345/487
Running dot for graph 346/487
Running dot for graph 347/487
Running dot for graph 348/487
Running dot for graph 349/487
Running dot for graph 350/487
Running dot for graph 351/487
Running dot for graph 352/487
Running dot for graph 353/487
Running dot for graph 354/487
Running dot for graph 355/487
Running dot for graph 356/487
Running dot for graph 357/487
Running dot for graph 358/487
Running dot for graph 359/487
Running dot for graph 360/487
Running dot for graph 361/487
Running dot for graph 362/487
Running dot for graph 363/487
Running dot for graph 364/487
Running dot for graph 365/487
Running dot for graph 366/487
Running dot for graph 367/487
Running dot for graph 368/487
Running dot for graph 369/487
Running dot for graph 370/487
Running dot for graph 371/487
Running dot for graph 372/487
Running dot for graph 373/487
Running dot for graph 374/487
Running dot for graph 375/487
Running dot for graph 376/487
Running dot for graph 377/487
Running dot for graph 378/487
Running dot for graph 379/487
Running dot for graph 380/487
Running dot for graph 381/487
Running dot for graph 382/487
Running dot for graph 383/487
Running dot for graph 384/487
Running dot for graph 385/487
Running dot for graph 386/487
Running dot for graph 387/487
Running dot for graph 388/487
Running dot for graph 389/487
Running dot for graph 390/487
Running dot for graph 391/487
Running dot for graph 392/487
Running dot for graph 393/487
Running dot for graph 394/487
Running dot for graph 395/487
Running dot for graph 396/487
Running dot for graph 397/487
Running dot for graph 398/487
Running dot for graph 399/487
Running dot for graph 400/487
Running dot for graph 401/487
Running dot for graph 402/487
Running dot for graph 403/487
Running dot for graph 404/487
Running dot for graph 405/487
Running dot for graph 406/487
Running dot for graph 407/487
Running dot for graph 408/487
Running dot for graph 409/487
Running dot for graph 410/487
Running dot for graph 411/487
Running dot for graph 412/487
Running dot for graph 413/487
Running dot for graph 414/487
Running dot for graph 415/487
Running dot for graph 416/487
Running dot for graph 417/487
Running dot for graph 418/487
Running dot for graph 419/487
Running dot for graph 420/487
Running dot for graph 421/487
Running dot for graph 422/487
Running dot for graph 423/487
Running dot for graph 424/487
Running dot for graph 425/487
Running dot for graph 426/487
Running dot for graph 427/487
Running dot for graph 428/487
Running dot for graph 429/487
Running dot for graph 430/487
Running dot for graph 431/487
Running dot for graph 432/487
Running dot for graph 433/487
Running dot for graph 434/487
Running dot for graph 435/487
Running dot for graph 436/487
Running dot for graph 437/487
Running dot for graph 438/487
Running dot for graph 439/487
Running dot for graph 440/487
Running dot for graph 441/487
Running dot for graph 442/487
Running dot for graph 443/487
Running dot for graph 444/487
Running dot for graph 445/487
Running dot for graph 446/487
Running dot for graph 447/487
Running dot for graph 448/487
Running dot for graph 449/487
Running dot for graph 450/487
Running dot for graph 451/487
Running dot for graph 452/487
Running dot for graph 453/487
Running dot for graph 454/487
Running dot for graph 455/487
Running dot for graph 456/487
Running dot for graph 457/487
Running dot for graph 458/487
Running dot for graph 459/487
Running dot for graph 460/487
Running dot for graph 461/487
Running dot for graph 462/487
Running dot for graph 463/487
Running dot for graph 464/487
Running dot for graph 465/487
Running dot for graph 466/487
Running dot for graph 467/487
Running dot for graph 468/487
Running dot for graph 469/487
Running dot for graph 470/487
Running dot for graph 471/487
Running dot for graph 472/487
Running dot for graph 473/487
Running dot for graph 474/487
Running dot for graph 475/487
Running dot for graph 476/487
Running dot for graph 477/487
Running dot for graph 478/487
Running dot for graph 479/487
Running dot for graph 480/487
Running dot for graph 481/487
Running dot for graph 482/487
Running dot for graph 483/487
Running dot for graph 484/487
Running dot for graph 485/487
Running dot for graph 486/487
Running dot for graph 487/487
Patching output file 1/38
Patching output file 2/38
Patching output file 3/38
Patching output file 4/38
Patching output file 5/38
Patching output file 6/38
Patching output file 7/38
Patching output file 8/38
Patching output file 9/38
Patching output file 10/38
Patching output file 11/38
Patching output file 12/38
Patching output file 13/38
Patching output file 14/38
Patching output file 15/38
Patching output file 16/38
Patching output file 17/38
Patching output file 18/38
Patching output file 19/38
Patching output file 20/38
Patching output file 21/38
Patching output file 22/38
Patching output file 23/38
Patching output file 24/38
Patching output file 25/38
Patching output file 26/38
Patching output file 27/38
Patching output file 28/38
Patching output file 29/38
Patching output file 30/38
Patching output file 31/38
Patching output file 32/38
Patching output file 33/38
Patching output file 34/38
Patching output file 35/38
Patching output file 36/38
Patching output file 37/38
Patching output file 38/38
finished...
